<?xml version="1.1" encoding="UTF-8" standalone="no"?>
<databaseChangeLog xmlns:xsi="http://www.w3.org/2001/XMLSchema-instance"
                   xmlns="http://www.liquibase.org/xml/ns/dbchangelog"
                   xsi:schemaLocation="http://www.liquibase.org/xml/ns/dbchangelog https://www.liquibase.org/xml/ns/dbchangelog/dbchangelog-4.4.xsd">
    <changeSet author="straumat" id="test-data-proofs">

        <!-- ======================================================================================================= -->

        <!-- Proof 1 -->
        <insert tableName="PROOFS">
            <column name="ID" value="10001"/>
            <column name="PROOF_ID" value="71b20582c41455abfc9a15cf8b2e819c38d3b2d39e14d0cb214d2cd597eee7ff"/>
            <column name="FK_USER_CREATOR" value="1"/>
            <column name="FK_ASSET" value="10000"/>
            <column name="RAW_PROOF" value="asset_id_5_proof"/>
        </insert>

        <!-- ======================================================================================================= -->

    </changeSet>
</databaseChangeLog>