<?xml version="1.1" encoding="UTF-8" standalone="no"?>
<databaseChangeLog xmlns:xsi="http://www.w3.org/2001/XMLSchema-instance"
                   xmlns="http://www.liquibase.org/xml/ns/dbchangelog"
                   xsi:schemaLocation="http://www.liquibase.org/xml/ns/dbchangelog https://www.liquibase.org/xml/ns/dbchangelog/dbchangelog-4.4.xsd">
    <changeSet author="straumat" id="test-data-universe_server">

        <insert tableName="UNIVERSE_SERVER">
            <column name="ID" value="1"/>
            <column name="UNIVERSE_SERVER_ID" value="UNIVERSE_SERVER_ID_1"/>
            <column name="FK_USER_OWNER" value="1"/>
            <column name="SERVER_ADDRESS" value="testnet.universe.lightning.finance"/>
            <column name="UPDATED_ON"/>
        </insert>

        <insert tableName="UNIVERSE_SERVER">
            <column name="ID" value="2"/>
            <column name="UNIVERSE_SERVER_ID" value="UNIVERSE_SERVER_ID_2"/>
            <column name="FK_USER_OWNER" value="1"/>
            <column name="SERVER_ADDRESS" value="testnet2.universe.lightning.finance"/>
            <column name="UPDATED_ON"/>
        </insert>

    </changeSet>
</databaseChangeLog>