<?xml version="1.1" encoding="UTF-8" standalone="no"?>
<databaseChangeLog xmlns:xsi="http://www.w3.org/2001/XMLSchema-instance"
                   xmlns="http://www.liquibase.org/xml/ns/dbchangelog"
                   xsi:schemaLocation="http://www.liquibase.org/xml/ns/dbchangelog https://www.liquibase.org/xml/ns/dbchangelog/dbchangelog-4.4.xsd">
    <changeSet author="straumat" id="test-data-requests">

        <!-- Add proof request n째1 ( Opened add proof ) -->
        <insert tableName="REQUESTS">
            <column name="ID" value="1"/>
            <column name="REQUEST_ID" value="f5623bdf-9fa6-46cf-85df-request_p_01"/>
            <column name="TYPE" value="ADD_PROOF"/>
            <column name="FK_USER_CREATOR" value="1"/>
            <column name="STATUS" value="OPENED"/>
        </insert>
        <insert tableName="REQUESTS_ADD_PROOF">
            <column name="ID" value="1"/>
            <column name="RAW_PROOF" value="P1"/>
        </insert>

        <!-- Add proof request n째2 ( Closed add proof ) -->
        <insert tableName="REQUESTS">
            <column name="ID" value="2"/>
            <column name="REQUEST_ID" value="91425ba6-8b16-46a8-baa6-request_p_02"/>
            <column name="TYPE" value="ADD_PROOF"/>
            <column name="FK_USER_CREATOR" value="1"/>
            <column name="STATUS" value="FAILURE"/>
            <column name="ERROR_MESSAGE" value="There is an error !"/>
        </insert>
        <insert tableName="REQUESTS_ADD_PROOF">
            <column name="ID" value="2"/>
            <column name="RAW_PROOF" value="P2"/>
        </insert>

        <!-- Add asset request n째3 ( Opened addAssetMetaData GI3/P3 ) -->
        <insert tableName="REQUESTS">
            <column name="ID" value="3"/>
            <column name="REQUEST_ID" value="91425ba6-8b16-46a8-baa6-request_m_01"/>
            <column name="TYPE" value="ADD_ASSET_META_DATA"/>
            <column name="FK_USER_CREATOR" value="2"/>
            <column name="STATUS" value="OPENED"/>
        </insert>
        <insert tableName="REQUESTS_ADD_ASSET_META_DATA">
            <column name="ID" value="3"/>
            <column name="ASSET_ID" value="AI2"/>
            <column name="META_DATA" value="MD2"/>
        </insert>

        <!-- Add proof request n째4 ( Successful proof GI4/P4 ) -->
        <insert tableName="REQUESTS">
            <column name="ID" value="4"/>
            <column name="REQUEST_ID" value="91425ba6-8b16-46a8-baa6-request_p_03"/>
            <column name="TYPE" value="ADD_PROOF"/>
            <column name="FK_USER_CREATOR" value="1"/>
            <column name="STATUS" value="SUCCESS"/>
            <column name="FK_ASSET" value="1"/>
        </insert>
        <insert tableName="REQUESTS_ADD_PROOF">
            <column name="ID" value="4"/>
            <column name="RAW_PROOF" value="P4"/>
        </insert>

        <!-- ======================================================================================================= -->
        <!-- Add universe server requests -->

        <!-- 6 - REQUEST_ID_6 - Opened-->
        <insert tableName="REQUESTS">
            <column name="ID" value="6"/>
            <column name="REQUEST_ID" value="REQUEST_ID_6"/>
            <column name="TYPE" value="ADD_UNIVERSE_SERVER"/>
            <column name="FK_USER_CREATOR" value="1"/>
            <column name="STATUS" value="OPENED"/>
        </insert>
        <insert tableName="REQUESTS_ADD_UNIVERSE_SERVER">
            <column name="ID" value="6"/>
            <column name="SERVER_ADDRESS" value="1.1.1.6:8080"/>
        </insert>

        <!-- 7 - REQUEST_ID_7 - Success-->
        <insert tableName="REQUESTS">
            <column name="ID" value="7"/>
            <column name="REQUEST_ID" value="REQUEST_ID_7"/>
            <column name="TYPE" value="ADD_UNIVERSE_SERVER"/>
            <column name="FK_USER_CREATOR" value="1"/>
            <column name="STATUS" value="SUCCESS"/>
        </insert>
        <insert tableName="REQUESTS_ADD_UNIVERSE_SERVER">
            <column name="ID" value="7"/>
            <column name="SERVER_ADDRESS" value="1.1.1.7:8080"/>
        </insert>

        <!-- 8 - REQUEST_ID_8 - Recoverable failure -->
        <insert tableName="REQUESTS">
            <column name="ID" value="8"/>
            <column name="REQUEST_ID" value="REQUEST_ID_8"/>
            <column name="TYPE" value="ADD_UNIVERSE_SERVER"/>
            <column name="FK_USER_CREATOR" value="1"/>
            <column name="STATUS" value="RECOVERABLE_FAILURE"/>
            <column name="ERROR_MESSAGE" value="Network timeout"/>
        </insert>
        <insert tableName="REQUESTS_ADD_UNIVERSE_SERVER">
            <column name="ID" value="8"/>
            <column name="SERVER_ADDRESS" value="1.1.1.8:8080"/>
        </insert>

        <!-- 9 - REQUEST_ID_9 - Failure -->
        <insert tableName="REQUESTS">
            <column name="ID" value="9"/>
            <column name="REQUEST_ID" value="REQUEST_ID_9"/>
            <column name="TYPE" value="ADD_UNIVERSE_SERVER"/>
            <column name="FK_USER_CREATOR" value="1"/>
            <column name="STATUS" value="FAILURE"/>
            <column name="ERROR_MESSAGE" value="Server unknown"/>
        </insert>
        <insert tableName="REQUESTS_ADD_UNIVERSE_SERVER">
            <column name="ID" value="9"/>
            <column name="SERVER_ADDRESS" value="1.1.1.9:8080"/>
        </insert>

    </changeSet>
</databaseChangeLog>