<?xml version="1.1" encoding="UTF-8" standalone="no"?>
<databaseChangeLog xmlns="http://www.liquibase.org/xml/ns/dbchangelog"
                   xmlns:xsi="http://www.w3.org/2001/XMLSchema-instance"
                   xsi:schemaLocation="http://www.liquibase.org/xml/ns/dbchangelog https://www.liquibase.org/xml/ns/dbchangelog/dbchangelog-4.4.xsd">
    <changeSet author="straumat" id="test-data-requests">

        <!-- Add asset request n째1 ( Opened addAsset ) -->
        <insert tableName="REQUESTS">
            <column name="ID" value="1"/>
            <column name="TYPE" value="ADD_ASSET"/>
            <column name="FK_USER_CREATOR" value="0"/>
            <column name="STATUS" value="OPENED"/>
        </insert>
        <insert tableName="REQUESTS_ADD_ASSET">
            <column name="ID" value="1"/>
            <column name="GENESIS_POINT" value="GP1"/>
            <column name="NAME" value="NAME1"/>
            <column name="META_DATA" value="ME1"/>
            <column name="ASSET_ID" value="AI1"/>
            <column name="OUTPUT_INDEX" value="1"/>
            <column name="PROOF" value="P1"/>
        </insert>

        <!-- Add asset request n째2 ( Closed addAsset ) -->
        <insert tableName="REQUESTS">
            <column name="ID" value="2"/>
            <column name="TYPE" value="ADD_ASSET"/>
            <column name="FK_USER_CREATOR" value="0"/>
            <column name="STATUS" value="CLOSED"/>
        </insert>
        <insert tableName="REQUESTS_ADD_ASSET">
            <column name="ID" value="2"/>
            <column name="GENESIS_POINT" value="GP2"/>
            <column name="NAME" value="NAME2"/>
            <column name="META_DATA" value="ME2"/>
            <column name="ASSET_ID" value="AI2"/>
            <column name="OUTPUT_INDEX" value="2"/>
            <column name="PROOF" value="P2"/>
        </insert>

        <!-- Add asset request n째3 ( Opened addAssetMetaData GI3/P3 ) -->
        <insert tableName="REQUESTS">
            <column name="ID" value="3"/>
            <column name="TYPE" value="ADD_ASSET_META_DATA"/>
            <column name="FK_USER_CREATOR" value="0"/>
            <column name="STATUS" value="OPENED"/>
        </insert>
        <insert tableName="REQUESTS_ADD_ASSET_META_DATA">
            <column name="ID" value="3"/>
            <column name="ASSET_ID" value="AI2"/>
            <column name="META_DATA" value="MD2"/>
        </insert>

        <!-- Add asset request n째4 ( Opened addAsset GI4/P4 ) -->
        <insert tableName="REQUESTS">
            <column name="ID" value="4"/>
            <column name="TYPE" value="ADD_ASSET"/>
            <column name="FK_USER_CREATOR" value="0"/>
            <column name="STATUS" value="OPENED"/>
        </insert>
        <insert tableName="REQUESTS_ADD_ASSET">
            <column name="ID" value="4"/>
            <column name="GENESIS_POINT" value="GP4"/>
            <column name="NAME" value="NAME4"/>
            <column name="META_DATA" value="ME4"/>
            <column name="ASSET_ID" value="AI4"/>
            <column name="OUTPUT_INDEX" value="4"/>
            <column name="PROOF" value="P4"/>
        </insert>

    </changeSet>
</databaseChangeLog>