<?xml version="1.1" encoding="UTF-8" standalone="no"?>
<databaseChangeLog xmlns="http://www.liquibase.org/xml/ns/dbchangelog"
                   xmlns:xsi="http://www.w3.org/2001/XMLSchema-instance"
                   xsi:schemaLocation="http://www.liquibase.org/xml/ns/dbchangelog https://www.liquibase.org/xml/ns/dbchangelog/dbchangelog-4.4.xsd">
    <changeSet author="straumat" id="test-data-assets">

        <!-- Assets used to test pagination search -->
        <insert tableName="ASSETS">
            <column name="ID" value="1001"/>
            <column name="FK_USER_CREATOR" value="1"/>

            <column name="VERSION" value="0"/>

            <column name="FK_BITCOIN_TRANSACTION_OUTPUT_GENESIS_POINT" value="2"/>
            <column name="NAME" value="TestPaginationCoin1"/>
            <column name="META_DATA" value="meta_data_1"/>
            <column name="ASSET_ID" value="asset_id_1"/>
            <column name="OUTPUT_INDEX" value="0"/>
            <column name="GENESIS_BOOTSTRAP_INFORMATION" value="genesis_bootstrap_information_1"/>
            <column name="GENESIS_VERSION" value="1"/>

            <column name="ASSET_TYPE" value="NORMAL"/>
            <column name="AMOUNT" value="10001"/>
            <column name="LOCK_TIME" value="1"/>
            <column name="RELATIVE_LOCK_TIME" value="2"/>

            <column name="SCRIPT_VERSION" value="2"/>
            <column name="SCRIPT_KEY" value="script key 1"/>

            <column name="ANCHOR_TX" value="Anchor tx 1"/>
            <column name="ANCHOR_TXID" value="Anchor tx id 1"/>
            <column name="ANCHOR_BLOCK_HASH" value="Anchor block hash 1"/>
            <column name="ANCHOR_OUTPOINT" value="Anchor outpoint 1"/>
            <column name="ANCHOR_INTERNAL_KEY" value="Anchor internal key 1"/>
        </insert>

        <insert tableName="ASSETS">
            <column name="ID" value="1002"/>
            <column name="FK_USER_CREATOR" value="1"/>

            <column name="VERSION" value="0"/>

            <column name="FK_BITCOIN_TRANSACTION_OUTPUT_GENESIS_POINT" value="2"/>
            <column name="FK_USER_CREATOR" value="1"/>
            <column name="NAME" value="TestPaginationCoin2"/>
            <column name="META_DATA" value="meta_data_2"/>
            <column name="ASSET_ID" value="asset_id_2"/>
            <column name="OUTPUT_INDEX" value="0"/>

            <column name="GENESIS_BOOTSTRAP_INFORMATION" value="genesis_bootstrap_information_2"/>
            <column name="GENESIS_VERSION" value="2"/>

            <column name="ASSET_TYPE" value="NORMAL"/>
            <column name="AMOUNT" value="10002"/>
            <column name="LOCK_TIME" value="2"/>
            <column name="RELATIVE_LOCK_TIME" value="3"/>

            <column name="SCRIPT_VERSION" value="3"/>
            <column name="SCRIPT_KEY" value="script key 2"/>

            <column name="ANCHOR_TX" value="Anchor tx 2"/>
            <column name="ANCHOR_TXID" value="Anchor tx id 2"/>
            <column name="ANCHOR_BLOCK_HASH" value="Anchor block hash 2"/>
            <column name="ANCHOR_OUTPOINT" value="Anchor outpoint 2"/>
            <column name="ANCHOR_INTERNAL_KEY" value="Anchor internal key 2"/>
        </insert>

        <insert tableName="ASSETS">
            <column name="ID" value="1003"/>
            <column name="FK_USER_CREATOR" value="1"/>

            <column name="VERSION" value="0"/>

            <column name="FK_BITCOIN_TRANSACTION_OUTPUT_GENESIS_POINT" value="2"/>
            <column name="FK_USER_CREATOR" value="1"/>
            <column name="NAME" value="TestPaginationCoin3"/>
            <column name="META_DATA" value="meta_data_3"/>
            <column name="ASSET_ID" value="asset_id_3"/>
            <column name="OUTPUT_INDEX" value="0"/>
            <column name="GENESIS_BOOTSTRAP_INFORMATION" value="genesis_bootstrap_information_3"/>
            <column name="GENESIS_VERSION" value="3"/>

            <column name="ASSET_TYPE" value="NORMAL"/>
            <column name="AMOUNT" value="10003"/>
            <column name="LOCK_TIME" value="3"/>
            <column name="RELATIVE_LOCK_TIME" value="4"/>

            <column name="SCRIPT_VERSION" value="3"/>
            <column name="SCRIPT_KEY" value="script key 3"/>

            <column name="ANCHOR_TX" value="Anchor tx 3"/>
            <column name="ANCHOR_TXID" value="Anchor tx id 3"/>
            <column name="ANCHOR_BLOCK_HASH" value="Anchor block hash 3"/>
            <column name="ANCHOR_OUTPOINT" value="Anchor outpoint 3"/>
            <column name="ANCHOR_INTERNAL_KEY" value="Anchor internal key 3"/>
        </insert>

        <insert tableName="ASSETS">
            <column name="ID" value="1004"/>
            <column name="FK_USER_CREATOR" value="1"/>

            <column name="VERSION" value="0"/>

            <column name="FK_BITCOIN_TRANSACTION_OUTPUT_GENESIS_POINT" value="2"/>
            <column name="FK_USER_CREATOR" value="1"/>
            <column name="NAME" value="TestPaginationCoin4"/>
            <column name="META_DATA" value="meta_data_4"/>
            <column name="ASSET_ID" value="asset_id_4"/>
            <column name="OUTPUT_INDEX" value="0"/>
            <column name="GENESIS_BOOTSTRAP_INFORMATION" value="genesis_bootstrap_information_4"/>
            <column name="GENESIS_VERSION" value="3"/>

            <column name="ASSET_TYPE" value="NORMAL"/>
            <column name="AMOUNT" value="10004"/>
            <column name="LOCK_TIME" value="4"/>
            <column name="RELATIVE_LOCK_TIME" value="5"/>

            <column name="SCRIPT_VERSION" value="4"/>
            <column name="SCRIPT_KEY" value="script key 4"/>

            <column name="ANCHOR_TX" value="Anchor tx 4"/>
            <column name="ANCHOR_TXID" value="Anchor tx id 4"/>
            <column name="ANCHOR_BLOCK_HASH" value="Anchor block hash 4"/>
            <column name="ANCHOR_OUTPOINT" value="Anchor outpoint 4"/>
            <column name="ANCHOR_INTERNAL_KEY" value="Anchor internal key 4"/>
        </insert>

        <insert tableName="ASSETS">
            <column name="ID" value="1005"/>
            <column name="FK_USER_CREATOR" value="1"/>

            <column name="VERSION" value="0"/>

            <column name="FK_BITCOIN_TRANSACTION_OUTPUT_GENESIS_POINT" value="2"/>
            <column name="FK_USER_CREATOR" value="1"/>
            <column name="NAME" value="TestPaginationCoin5"/>
            <column name="META_DATA" value="meta_data_5"/>
            <column name="ASSET_ID" value="asset_id_5"/>
            <column name="OUTPUT_INDEX" value="0"/>
            <column name="GENESIS_BOOTSTRAP_INFORMATION" value="genesis_bootstrap_information_5"/>
            <column name="GENESIS_VERSION" value="4"/>

            <column name="ASSET_TYPE" value="NORMAL"/>
            <column name="AMOUNT" value="10005"/>
            <column name="LOCK_TIME" value="5"/>
            <column name="RELATIVE_LOCK_TIME" value="6"/>

            <column name="SCRIPT_VERSION" value="5"/>
            <column name="SCRIPT_KEY" value="script key 5"/>

            <column name="ANCHOR_TX" value="Anchor tx 5"/>
            <column name="ANCHOR_TXID" value="Anchor tx id 5"/>
            <column name="ANCHOR_BLOCK_HASH" value="Anchor block hash 5"/>
            <column name="ANCHOR_OUTPOINT" value="Anchor outpoint 5"/>
            <column name="ANCHOR_INTERNAL_KEY" value="Anchor internal key 5"/>
        </insert>

        <insert tableName="ASSETS">
            <column name="ID" value="1006"/>
            <column name="FK_USER_CREATOR" value="1"/>

            <column name="VERSION" value="0"/>

            <column name="FK_BITCOIN_TRANSACTION_OUTPUT_GENESIS_POINT" value="2"/>
            <column name="FK_USER_CREATOR" value="1"/>
            <column name="NAME" value="TestPaginationCoin6"/>
            <column name="META_DATA" value="meta_data_6"/>
            <column name="ASSET_ID" value="asset_id_6"/>
            <column name="OUTPUT_INDEX" value="0"/>
            <column name="GENESIS_BOOTSTRAP_INFORMATION" value="genesis_bootstrap_information_6"/>
            <column name="GENESIS_VERSION" value="6"/>

            <column name="ASSET_TYPE" value="NORMAL"/>
            <column name="AMOUNT" value="10006"/>
            <column name="LOCK_TIME" value="6"/>
            <column name="RELATIVE_LOCK_TIME" value="7"/>

            <column name="SCRIPT_VERSION" value="5"/>
            <column name="SCRIPT_KEY" value="script key 5"/>

            <column name="ANCHOR_TX" value="Anchor tx 5"/>
            <column name="ANCHOR_TXID" value="Anchor tx id 5"/>
            <column name="ANCHOR_BLOCK_HASH" value="Anchor block hash 5"/>
            <column name="ANCHOR_OUTPOINT" value="Anchor outpoint 5"/>
            <column name="ANCHOR_INTERNAL_KEY" value="Anchor internal key 5"/>
        </insert>

        <insert tableName="ASSETS">
            <column name="ID" value="1007"/>
            <column name="FK_USER_CREATOR" value="1"/>

            <column name="VERSION" value="0"/>

            <column name="FK_BITCOIN_TRANSACTION_OUTPUT_GENESIS_POINT" value="2"/>
            <column name="FK_USER_CREATOR" value="1"/>
            <column name="NAME" value="TestPaginationCoin7"/>
            <column name="META_DATA" value="meta_data_7"/>
            <column name="ASSET_ID" value="asset_id_7"/>
            <column name="OUTPUT_INDEX" value="0"/>
            <column name="GENESIS_BOOTSTRAP_INFORMATION" value="genesis_bootstrap_information_7"/>
            <column name="GENESIS_VERSION" value="7"/>

            <column name="ASSET_TYPE" value="NORMAL"/>
            <column name="AMOUNT" value="10007"/>
            <column name="LOCK_TIME" value="7"/>
            <column name="RELATIVE_LOCK_TIME" value="8"/>

            <column name="SCRIPT_VERSION" value="7"/>
            <column name="SCRIPT_KEY" value="script key 7"/>

            <column name="ANCHOR_TX" value="Anchor tx 7"/>
            <column name="ANCHOR_TXID" value="Anchor tx id 7"/>
            <column name="ANCHOR_BLOCK_HASH" value="Anchor block hash 7"/>
            <column name="ANCHOR_OUTPOINT" value="Anchor outpoint 7"/>
            <column name="ANCHOR_INTERNAL_KEY" value="Anchor internal key 7"/>
        </insert>

        <insert tableName="ASSETS">
            <column name="ID" value="1008"/>
            <column name="FK_USER_CREATOR" value="1"/>

            <column name="VERSION" value="0"/>

            <column name="FK_BITCOIN_TRANSACTION_OUTPUT_GENESIS_POINT" value="2"/>
            <column name="FK_USER_CREATOR" value="1"/>
            <column name="NAME" value="TestPaginationCoin8"/>
            <column name="META_DATA" value="meta_data_8"/>
            <column name="ASSET_ID" value="asset_id_8"/>
            <column name="OUTPUT_INDEX" value="0"/>
            <column name="GENESIS_BOOTSTRAP_INFORMATION" value="genesis_bootstrap_information_8"/>
            <column name="GENESIS_VERSION" value="8"/>

            <column name="ASSET_TYPE" value="NORMAL"/>
            <column name="AMOUNT" value="10008"/>
            <column name="LOCK_TIME" value="8"/>
            <column name="RELATIVE_LOCK_TIME" value="9"/>

            <column name="SCRIPT_VERSION" value="8"/>
            <column name="SCRIPT_KEY" value="script key 8"/>

            <column name="ANCHOR_TX" value="Anchor tx 8"/>
            <column name="ANCHOR_TXID" value="Anchor tx id 8"/>
            <column name="ANCHOR_BLOCK_HASH" value="Anchor block hash 8"/>
            <column name="ANCHOR_OUTPOINT" value="Anchor outpoint 8"/>
            <column name="ANCHOR_INTERNAL_KEY" value="Anchor internal key 8"/>
        </insert>

        <insert tableName="ASSETS">
            <column name="ID" value="1009"/>
            <column name="FK_USER_CREATOR" value="1"/>

            <column name="VERSION" value="0"/>

            <column name="FK_BITCOIN_TRANSACTION_OUTPUT_GENESIS_POINT" value="2"/>
            <column name="FK_USER_CREATOR" value="1"/>
            <column name="NAME" value="TestPaginationCoin0"/>
            <column name="META_DATA" value="meta_data_0"/>
            <column name="ASSET_ID" value="asset_id_0"/>
            <column name="OUTPUT_INDEX" value="0"/>
            <column name="GENESIS_BOOTSTRAP_INFORMATION" value="genesis_bootstrap_information_9"/>
            <column name="GENESIS_VERSION" value="9"/>

            <column name="ASSET_TYPE" value="NORMAL"/>
            <column name="AMOUNT" value="10009"/>
            <column name="LOCK_TIME" value="9"/>
            <column name="RELATIVE_LOCK_TIME" value="9"/>

            <column name="SCRIPT_VERSION" value="9"/>
            <column name="SCRIPT_KEY" value="script key 9"/>

            <column name="ANCHOR_TX" value="Anchor tx 9"/>
            <column name="ANCHOR_TXID" value="Anchor tx id 9"/>
            <column name="ANCHOR_BLOCK_HASH" value="Anchor block hash 9"/>
            <column name="ANCHOR_OUTPOINT" value="Anchor outpoint 9"/>
            <column name="ANCHOR_INTERNAL_KEY" value="Anchor internal key 9"/>
        </insert>

    </changeSet>
</databaseChangeLog>