<?xml version="1.1" encoding="UTF-8" standalone="no"?>
<databaseChangeLog xmlns="http://www.liquibase.org/xml/ns/dbchangelog"
                   xmlns:xsi="http://www.w3.org/2001/XMLSchema-instance"
                   xsi:schemaLocation="http://www.liquibase.org/xml/ns/dbchangelog https://www.liquibase.org/xml/ns/dbchangelog/dbchangelog-4.4.xsd">
    <changeSet author="straumat" id="test-data-universe_updates-status-new">

        <!--
            Update request 1 - Problem: the transaction output does not exists.
        -->
        <insert tableName="UNIVERSE_UPDATES">
            <column name="FK_CREATOR_USER_ID" value="0"/>
            <column name="STATUS" value="NEW"/>

            <column name="TXID" value="non_existing"/>
            <column name="VOUT" value="0"/>

            <column name="FAILURE_STATUS"/>
            <column name="FAILURE_MESSAGE"/>
        </insert>

        <!--
            Update request 2 - Problem: the transaction output exists but it's not a taproot.
        -->
        <insert tableName="UNIVERSE_UPDATES">
            <column name="FK_CREATOR_USER_ID" value="0"/>
            <column name="STATUS" value="NEW"/>

            <column name="TXID" value="117ad75a79af2e7fdb2908baee9171fde4d6fb80c7322dcb895a2429f84f4d4a"/>
            <column name="VOUT" value="0"/>

            <column name="FAILURE_STATUS"/>
            <column name="FAILURE_MESSAGE"/>
        </insert>

        <!--
            Update request 3 - The transaction output is in the blockchain and, it's a taproot one.
        -->
        <insert tableName="UNIVERSE_UPDATES">
            <column name="FK_CREATOR_USER_ID" value="0"/>
            <column name="STATUS" value="NEW"/>

            <column name="TXID" value="d61a4957e5e756a7631246b1a00d685e4854f98f8c2835bafafed8b1d1e26be5"/>
            <column name="VOUT" value="0"/>

            <column name="FAILURE_STATUS"/>
            <column name="FAILURE_MESSAGE"/>
        </insert>

    </changeSet>
</databaseChangeLog>