<?xml version="1.1" encoding="UTF-8" standalone="no"?>
<databaseChangeLog xmlns="http://www.liquibase.org/xml/ns/dbchangelog"
                   xmlns:xsi="http://www.w3.org/2001/XMLSchema-instance"
                   xsi:schemaLocation="http://www.liquibase.org/xml/ns/dbchangelog https://www.liquibase.org/xml/ns/dbchangelog/dbchangelog-4.4.xsd">
    <changeSet author="straumat" id="test-data-universe_updates-status-treated">

        <!-- Status "TREATED" -->

        <!--
            Update request 1 - Problem: the transaction output does not exists
        -->
        <insert tableName="UNIVERSE_UPDATES">
            <column name="FK_CREATOR_USER_ID" value="0"/>
            <column name="STATUS" value="TREATED"/>

            <!-- TODO set a correct TXID -->
            <column name="TXID" value=""/>
            <column name="VOUT" value="0"/>

            <column name="FAILURE_STATUS"/>
            <column name="FAILURE_MESSAGE"/>
        </insert>

    </changeSet>
</databaseChangeLog>