<?xml version="1.1" encoding="UTF-8" standalone="no"?>
<databaseChangeLog xmlns="http://www.liquibase.org/xml/ns/dbchangelog"
                   xmlns:xsi="http://www.w3.org/2001/XMLSchema-instance"
                   xsi:schemaLocation="http://www.liquibase.org/xml/ns/dbchangelog https://www.liquibase.org/xml/ns/dbchangelog/dbchangelog-4.4.xsd">
    <changeSet author="straumat" id="test-data-users">

        <!-- Anonymous user -->
        <insert tableName="USERS">
            <column name="ID" value="1"/>
            <column name="USERNAME" value="straumat"/>
            <column name="ROLE" value="ADMINISTRATOR"/>
            <column name="CREATED_ON"/>
            <column name="UPDATED_ON"/>
        </insert>

        <sql dbms="h2">alter sequence data_event_id_seq restart with 2</sql>
    </changeSet>
</databaseChangeLog>