<?xml version="1.1" encoding="UTF-8" standalone="no"?>
<databaseChangeLog xmlns="http://www.liquibase.org/xml/ns/dbchangelog"
                   xmlns:xsi="http://www.w3.org/2001/XMLSchema-instance"
                   xsi:schemaLocation="http://www.liquibase.org/xml/ns/dbchangelog https://www.liquibase.org/xml/ns/dbchangelog/dbchangelog-4.4.xsd">
    <changeSet author="straumat" id="test-data-requests">

        <!-- Add asset request n째1 ( Bitcoin transaction not found ! ) -->
        <insert tableName="REQUESTS">
            <column name="ID" value="1"/>
            <column name="TYPE" value="ADD_ASSET"/>
            <column name="FK_USER_CREATOR" value="0"/>
            <column name="STATUS" value="OPENED"/>
        </insert>
        <insert tableName="REQUESTS_ADD_ASSET">
            <column name="ID" value="1"/>
            <column name="GENESIS_POINT" value="4ce18f49ba153a51bcda9bb80d7f978e3de6e81b5fc326f00465464530c00000:0"/>
            <column name="NAME" value="NAME1"/>
            <column name="META_DATA" value="ME1"/>
            <column name="ASSET_ID" value="AI1"/>
            <column name="OUTPUT_INDEX" value="1"/>
            <column name="PROOF" value="P1"/>
        </insert>

        <!-- Add asset request n째2 ( Closed addAsset ) -->
        <insert tableName="REQUESTS">
            <column name="ID" value="2"/>
            <column name="TYPE" value="ADD_ASSET"/>
            <column name="FK_USER_CREATOR" value="0"/>
            <column name="STATUS" value="FAILURE"/>
        </insert>
        <insert tableName="REQUESTS_ADD_ASSET">
            <column name="ID" value="2"/>
            <column name="GENESIS_POINT" value="GP2"/>
            <column name="NAME" value="NAME2"/>
            <column name="META_DATA" value="ME2"/>
            <column name="ASSET_ID" value="AI2"/>
            <column name="OUTPUT_INDEX" value="2"/>
            <column name="PROOF" value="P2"/>
        </insert>

        <!-- Add asset request n째3 ( Opened addAsset with a valid transaction and invalid proof ) -->
        <insert tableName="REQUESTS">
            <column name="ID" value="3"/>
            <column name="TYPE" value="ADD_ASSET"/>
            <column name="FK_USER_CREATOR" value="0"/>
            <column name="STATUS" value="OPENED"/>
        </insert>
        <insert tableName="REQUESTS_ADD_ASSET">
            <column name="ID" value="3"/>
            <column name="GENESIS_POINT" value="2a5726687859bb1ec8a8cfeac78db8fa16b5b1c31e85be9c9812dfed68df43ea:0"/>
            <column name="NAME" value="NAME4"/>
            <column name="META_DATA" value="ME4"/>
            <column name="ASSET_ID" value="AI4"/>
            <column name="OUTPUT_INDEX" value="4"/>
            <column name="PROOF" value="P4"/>
        </insert>

        <!-- Add asset request n째4 ( Opened addAsset with a valid transaction and valid proof ) -->
        <insert tableName="REQUESTS">
            <column name="ID" value="4"/>
            <column name="TYPE" value="ADD_ASSET"/>
            <column name="FK_USER_CREATOR" value="0"/>
            <column name="STATUS" value="OPENED"/>
        </insert>
        <insert tableName="REQUESTS_ADD_ASSET">
            <column name="ID" value="4"/>
            <column name="GENESIS_POINT" value="46804b8a193cae200c99531f0ea90d81cc0c0e44e718b57e7b9ab5bb3926b946:0"/>
            <column name="NAME" value="NAME4"/>
            <column name="META_DATA" value="ME4"/>
            <column name="ASSET_ID" value="AI4"/>
            <column name="OUTPUT_INDEX" value="4"/>
            <column name="PROOF" value="VALID_PROOF"/>
        </insert>

    </changeSet>
</databaseChangeLog>